生成启动时间为 2018-03-23 18:08:57。
     1>项目“E:\WorkSpace\Visual Studio 2010\Projects\INS_GPS_Reader\INS_GPS_Reader\INS_GPS_Reader.vcxproj”在节点 2 上(build 个目标)。
     1>InitializeBuildStatus:
         正在创建“Debug\INS_GPS_Reader.unsuccessfulbuild”，因为已指定“AlwaysCreate”。
       ClCompile:
         所有输出均为最新。
         所有输出均为最新。
       ResourceCompile:
         C:\Program Files (x86)\Microsoft SDKs\Windows\v7.0A\bin\rc.exe /D _DEBUG /D _UNICODE /D UNICODE /D _AFXDLL /l"0x0804" /IDebug\ /nologo /fo"Debug\INS_GPS_Reader.res" INS_GPS_Reader.rc 
       ManifestResourceCompile:
         所有输出均为最新。
       Link:
         C:\Program Files (x86)\Microsoft Visual Studio 10.0\VC\bin\link.exe /ERRORREPORT:PROMPT /OUT:"E:\WorkSpace\Visual Studio 2010\Projects\INS_GPS_Reader\Debug\INS_GPS_Reader.exe" /INCREMENTAL /NOLOGO /MANIFEST /ManifestFile:"Debug\INS_GPS_Reader.exe.intermediate.manifest" /MANIFESTUAC:"level='asInvoker' uiAccess='false'" /DEBUG /PDB:"E:\WorkSpace\Visual Studio 2010\Projects\INS_GPS_Reader\Debug\INS_GPS_Reader.pdb" /SUBSYSTEM:WINDOWS /TLBID:1 /ENTRY:"wWinMainCRTStartup" /DYNAMICBASE /NXCOMPAT /IMPLIB:"E:\WorkSpace\Visual Studio 2010\Projects\INS_GPS_Reader\Debug\INS_GPS_Reader.lib" /MACHINE:X86 Debug\INS_GPS_Reader.res
         Debug\INS_GPS_Reader.exe.embed.manifest.res
         Debug\INS_GPS_Reader.obj
         Debug\INS_GPS_ReaderDlg.obj
         Debug\stdafx.obj
       Manifest:
         C:\Program Files (x86)\Microsoft SDKs\Windows\v7.0A\bin\mt.exe /nologo /verbose /out:"Debug\INS_GPS_Reader.exe.embed.manifest" /manifest Debug\INS_GPS_Reader.exe.intermediate.manifest "C:\Program Files (x86)\Microsoft Visual Studio 10.0\VC\Include\Manifest\dpiaware.manifest"
         所有输出均为最新。
       LinkEmbedManifest:
         所有输出均为最新。
         INS_GPS_Reader.vcxproj -> E:\WorkSpace\Visual Studio 2010\Projects\INS_GPS_Reader\Debug\INS_GPS_Reader.exe
       FinalizeBuildStatus:
         正在删除文件“Debug\INS_GPS_Reader.unsuccessfulbuild”。
         正在对“Debug\INS_GPS_Reader.lastbuildstate”执行 Touch 任务。
     1>已完成生成项目“E:\WorkSpace\Visual Studio 2010\Projects\INS_GPS_Reader\INS_GPS_Reader\INS_GPS_Reader.vcxproj”(build 个目标)的操作。

生成成功。

已用时间 00:00:00.43
