生成启动时间为 2017/6/4 19:59:16。
     1>项目“E:\WorkSpace\Visual Studio 2010\Projects\MPU6050READ\MPU6050READ\MPU6050READ.vcxproj”在节点 2 上(rebuild 个目标)。
     1>_PrepareForClean:
         正在删除文件“Debug\MPU6050READ.lastbuildstate”。
       InitializeBuildStatus:
         正在创建“Debug\MPU6050READ.unsuccessfulbuild”，因为已指定“AlwaysCreate”。
       ClCompile:
         D:\Program Files (x86)\Microsoft Visual Studio 10.0\VC\bin\CL.exe /c /ZI /nologo /W3 /WX- /Od /Oy- /D WIN32 /D _DEBUG /D _CONSOLE /D _UNICODE /D UNICODE /Gm /EHsc /RTC1 /MDd /GS /fp:precise /Zc:wchar_t /Zc:forScope /Fo"Debug\\" /Fd"Debug\vc100.pdb" /Gd /TP /analyze- /errorReport:prompt main.cpp UART.cpp
         UART.cpp
         main.cpp
     1>e:\workspace\visual studio 2010\projects\mpu6050read\mpu6050read\main.cpp(9): warning C4996: 'fopen': This function or variable may be unsafe. Consider using fopen_s instead. To disable deprecation, use _CRT_SECURE_NO_WARNINGS. See online help for details.
                 d:\program files (x86)\microsoft visual studio 10.0\vc\include\stdio.h(234) : 参见“fopen”的声明
     1>e:\workspace\visual studio 2010\projects\mpu6050read\mpu6050read\main.cpp(10): warning C4996: 'fopen': This function or variable may be unsafe. Consider using fopen_s instead. To disable deprecation, use _CRT_SECURE_NO_WARNINGS. See online help for details.
                 d:\program files (x86)\microsoft visual studio 10.0\vc\include\stdio.h(234) : 参见“fopen”的声明
     1>e:\workspace\visual studio 2010\projects\mpu6050read\mpu6050read\main.cpp(13): warning C4996: 'fscanf': This function or variable may be unsafe. Consider using fscanf_s instead. To disable deprecation, use _CRT_SECURE_NO_WARNINGS. See online help for details.
                 d:\program files (x86)\microsoft visual studio 10.0\vc\include\stdio.h(253) : 参见“fscanf”的声明
         正在生成代码...
       ManifestResourceCompile:
         C:\Program Files (x86)\Microsoft SDKs\Windows\v7.0A\bin\rc.exe /nologo /fo"Debug\MPU6050READ.exe.embed.manifest.res" Debug\MPU6050READ_manifest.rc 
       Link:
         D:\Program Files (x86)\Microsoft Visual Studio 10.0\VC\bin\link.exe /ERRORREPORT:PROMPT /OUT:"E:\WorkSpace\Visual Studio 2010\Projects\MPU6050READ\Debug\MPU6050READ.exe" /INCREMENTAL /NOLOGO kernel32.lib user32.lib gdi32.lib winspool.lib comdlg32.lib advapi32.lib shell32.lib ole32.lib oleaut32.lib uuid.lib odbc32.lib odbccp32.lib /MANIFEST /ManifestFile:"Debug\MPU6050READ.exe.intermediate.manifest" /MANIFESTUAC:"level='asInvoker' uiAccess='false'" /DEBUG /PDB:"E:\WorkSpace\Visual Studio 2010\Projects\MPU6050READ\Debug\MPU6050READ.pdb" /SUBSYSTEM:CONSOLE /TLBID:1 /DYNAMICBASE /NXCOMPAT /IMPLIB:"E:\WorkSpace\Visual Studio 2010\Projects\MPU6050READ\Debug\MPU6050READ.lib" /MACHINE:X86 Debug\MPU6050READ.exe.embed.manifest.res
         Debug\main.obj
         Debug\UART.obj
       Manifest:
         正在删除文件“Debug\MPU6050READ.exe.embed.manifest”。
         C:\Program Files (x86)\Microsoft SDKs\Windows\v7.0A\bin\mt.exe /nologo /verbose /out:"Debug\MPU6050READ.exe.embed.manifest" /manifest Debug\MPU6050READ.exe.intermediate.manifest
         C:\Program Files (x86)\Microsoft SDKs\Windows\v7.0A\bin\rc.exe /nologo /fo"Debug\MPU6050READ.exe.embed.manifest.res" Debug\MPU6050READ_manifest.rc 
       LinkEmbedManifest:
         D:\Program Files (x86)\Microsoft Visual Studio 10.0\VC\bin\link.exe /ERRORREPORT:PROMPT /OUT:"E:\WorkSpace\Visual Studio 2010\Projects\MPU6050READ\Debug\MPU6050READ.exe" /INCREMENTAL /NOLOGO kernel32.lib user32.lib gdi32.lib winspool.lib comdlg32.lib advapi32.lib shell32.lib ole32.lib oleaut32.lib uuid.lib odbc32.lib odbccp32.lib /MANIFEST /ManifestFile:"Debug\MPU6050READ.exe.intermediate.manifest" /MANIFESTUAC:"level='asInvoker' uiAccess='false'" /DEBUG /PDB:"E:\WorkSpace\Visual Studio 2010\Projects\MPU6050READ\Debug\MPU6050READ.pdb" /SUBSYSTEM:CONSOLE /TLBID:1 /DYNAMICBASE /NXCOMPAT /IMPLIB:"E:\WorkSpace\Visual Studio 2010\Projects\MPU6050READ\Debug\MPU6050READ.lib" /MACHINE:X86 Debug\MPU6050READ.exe.embed.manifest.res
         Debug\main.obj
         Debug\UART.obj
         MPU6050READ.vcxproj -> E:\WorkSpace\Visual Studio 2010\Projects\MPU6050READ\Debug\MPU6050READ.exe
       FinalizeBuildStatus:
         正在删除文件“Debug\MPU6050READ.unsuccessfulbuild”。
         正在对“Debug\MPU6050READ.lastbuildstate”执行 Touch 任务。
     1>已完成生成项目“E:\WorkSpace\Visual Studio 2010\Projects\MPU6050READ\MPU6050READ\MPU6050READ.vcxproj”(rebuild 个目标)的操作。

生成成功。

已用时间 00:00:01.93
