E:\WORKSPACE\VISUAL STUDIO 2010\PROJECTS\MPU6050READ\DEBUG\MPU6050READ.EXE
E:\WORKSPACE\VISUAL STUDIO 2010\PROJECTS\MPU6050READ\DEBUG\MPU6050READ.ILK
E:\WORKSPACE\VISUAL STUDIO 2010\PROJECTS\MPU6050READ\DEBUG\MPU6050READ.PDB
E:\WorkSpace\Visual Studio 2010\Projects\MPU6050READ\MPU6050READ\Debug\cl.command.1.tlog
E:\WorkSpace\Visual Studio 2010\Projects\MPU6050READ\MPU6050READ\Debug\CL.read.1.tlog
E:\WorkSpace\Visual Studio 2010\Projects\MPU6050READ\MPU6050READ\Debug\CL.write.1.tlog
E:\WorkSpace\Visual Studio 2010\Projects\MPU6050READ\MPU6050READ\Debug\link.44348.read.1.tlog
E:\WorkSpace\Visual Studio 2010\Projects\MPU6050READ\MPU6050READ\Debug\link.44348.write.1.tlog
E:\WorkSpace\Visual Studio 2010\Projects\MPU6050READ\MPU6050READ\Debug\link.44348-cvtres.read.1.tlog
E:\WorkSpace\Visual Studio 2010\Projects\MPU6050READ\MPU6050READ\Debug\link.44348-cvtres.write.1.tlog
E:\WorkSpace\Visual Studio 2010\Projects\MPU6050READ\MPU6050READ\Debug\link.command.1.tlog
E:\WorkSpace\Visual Studio 2010\Projects\MPU6050READ\MPU6050READ\Debug\link.read.1.tlog
E:\WorkSpace\Visual Studio 2010\Projects\MPU6050READ\MPU6050READ\Debug\link.write.1.tlog
E:\WorkSpace\Visual Studio 2010\Projects\MPU6050READ\MPU6050READ\Debug\link-cvtres.read.1.tlog
E:\WorkSpace\Visual Studio 2010\Projects\MPU6050READ\MPU6050READ\Debug\link-cvtres.write.1.tlog
E:\WORKSPACE\VISUAL STUDIO 2010\PROJECTS\MPU6050READ\MPU6050READ\DEBUG\MAIN.OBJ
E:\WORKSPACE\VISUAL STUDIO 2010\PROJECTS\MPU6050READ\MPU6050READ\DEBUG\MPU6050READ.EXE.EMBED.MANIFEST
E:\WORKSPACE\VISUAL STUDIO 2010\PROJECTS\MPU6050READ\MPU6050READ\DEBUG\MPU6050READ.EXE.EMBED.MANIFEST.RES
E:\WORKSPACE\VISUAL STUDIO 2010\PROJECTS\MPU6050READ\MPU6050READ\DEBUG\MPU6050READ.EXE.INTERMEDIATE.MANIFEST
E:\WorkSpace\Visual Studio 2010\Projects\MPU6050READ\MPU6050READ\Debug\MPU6050READ.write.1.tlog
E:\WorkSpace\Visual Studio 2010\Projects\MPU6050READ\MPU6050READ\Debug\MPU6050READ_manifest.rc
E:\WorkSpace\Visual Studio 2010\Projects\MPU6050READ\MPU6050READ\Debug\mt.command.1.tlog
E:\WorkSpace\Visual Studio 2010\Projects\MPU6050READ\MPU6050READ\Debug\mt.read.1.tlog
E:\WorkSpace\Visual Studio 2010\Projects\MPU6050READ\MPU6050READ\Debug\mt.write.1.tlog
E:\WorkSpace\Visual Studio 2010\Projects\MPU6050READ\MPU6050READ\Debug\rc.command.1.tlog
E:\WorkSpace\Visual Studio 2010\Projects\MPU6050READ\MPU6050READ\Debug\rc.read.1.tlog
E:\WorkSpace\Visual Studio 2010\Projects\MPU6050READ\MPU6050READ\Debug\rc.write.1.tlog
E:\WORKSPACE\VISUAL STUDIO 2010\PROJECTS\MPU6050READ\MPU6050READ\DEBUG\UART.OBJ
E:\WorkSpace\Visual Studio 2010\Projects\MPU6050READ\MPU6050READ\Debug\vc100.idb
E:\WORKSPACE\VISUAL STUDIO 2010\PROJECTS\MPU6050READ\MPU6050READ\DEBUG\VC100.PDB
