E:\WORKSPACE\VISUAL STUDIO 2010\PROJECTS\OD_SINS_01\DEBUG\OD_SINS_01.EXE
E:\WORKSPACE\VISUAL STUDIO 2010\PROJECTS\OD_SINS_01\DEBUG\OD_SINS_01.ILK
E:\WORKSPACE\VISUAL STUDIO 2010\PROJECTS\OD_SINS_01\DEBUG\OD_SINS_01.PDB
E:\WorkSpace\Visual Studio 2010\Projects\OD_SINS_01\OD_SINS_01\Debug\cl.command.1.tlog
E:\WorkSpace\Visual Studio 2010\Projects\OD_SINS_01\OD_SINS_01\Debug\CL.read.1.tlog
E:\WorkSpace\Visual Studio 2010\Projects\OD_SINS_01\OD_SINS_01\Debug\CL.write.1.tlog
E:\WorkSpace\Visual Studio 2010\Projects\OD_SINS_01\OD_SINS_01\Debug\link.5896.read.1.tlog
E:\WorkSpace\Visual Studio 2010\Projects\OD_SINS_01\OD_SINS_01\Debug\link.5896.write.1.tlog
E:\WorkSpace\Visual Studio 2010\Projects\OD_SINS_01\OD_SINS_01\Debug\link.5896-cvtres.read.1.tlog
E:\WorkSpace\Visual Studio 2010\Projects\OD_SINS_01\OD_SINS_01\Debug\link.5896-cvtres.write.1.tlog
E:\WorkSpace\Visual Studio 2010\Projects\OD_SINS_01\OD_SINS_01\Debug\link.command.1.tlog
E:\WorkSpace\Visual Studio 2010\Projects\OD_SINS_01\OD_SINS_01\Debug\link.read.1.tlog
E:\WorkSpace\Visual Studio 2010\Projects\OD_SINS_01\OD_SINS_01\Debug\link.write.1.tlog
E:\WorkSpace\Visual Studio 2010\Projects\OD_SINS_01\OD_SINS_01\Debug\link-cvtres.read.1.tlog
E:\WorkSpace\Visual Studio 2010\Projects\OD_SINS_01\OD_SINS_01\Debug\link-cvtres.write.1.tlog
E:\WORKSPACE\VISUAL STUDIO 2010\PROJECTS\OD_SINS_01\OD_SINS_01\DEBUG\MAIN.OBJ
E:\WORKSPACE\VISUAL STUDIO 2010\PROJECTS\OD_SINS_01\OD_SINS_01\DEBUG\MATRIX.OBJ
E:\WorkSpace\Visual Studio 2010\Projects\OD_SINS_01\OD_SINS_01\Debug\mt.command.1.tlog
E:\WorkSpace\Visual Studio 2010\Projects\OD_SINS_01\OD_SINS_01\Debug\mt.read.1.tlog
E:\WorkSpace\Visual Studio 2010\Projects\OD_SINS_01\OD_SINS_01\Debug\mt.write.1.tlog
E:\WORKSPACE\VISUAL STUDIO 2010\PROJECTS\OD_SINS_01\OD_SINS_01\DEBUG\MYKALMANFILTER.OBJ
E:\WORKSPACE\VISUAL STUDIO 2010\PROJECTS\OD_SINS_01\OD_SINS_01\DEBUG\NAVIGATION.OBJ
E:\WORKSPACE\VISUAL STUDIO 2010\PROJECTS\OD_SINS_01\OD_SINS_01\DEBUG\OD_SINS_01.EXE.EMBED.MANIFEST
E:\WORKSPACE\VISUAL STUDIO 2010\PROJECTS\OD_SINS_01\OD_SINS_01\DEBUG\OD_SINS_01.EXE.EMBED.MANIFEST.RES
E:\WORKSPACE\VISUAL STUDIO 2010\PROJECTS\OD_SINS_01\OD_SINS_01\DEBUG\OD_SINS_01.EXE.INTERMEDIATE.MANIFEST
E:\WorkSpace\Visual Studio 2010\Projects\OD_SINS_01\OD_SINS_01\Debug\OD_SINS_01.vcxprojResolveAssemblyReference.cache
E:\WorkSpace\Visual Studio 2010\Projects\OD_SINS_01\OD_SINS_01\Debug\OD_SINS_01.write.1.tlog
E:\WorkSpace\Visual Studio 2010\Projects\OD_SINS_01\OD_SINS_01\Debug\OD_SINS_01_manifest.rc
E:\WorkSpace\Visual Studio 2010\Projects\OD_SINS_01\OD_SINS_01\Debug\rc.command.1.tlog
E:\WorkSpace\Visual Studio 2010\Projects\OD_SINS_01\OD_SINS_01\Debug\rc.read.1.tlog
E:\WorkSpace\Visual Studio 2010\Projects\OD_SINS_01\OD_SINS_01\Debug\rc.write.1.tlog
E:\WorkSpace\Visual Studio 2010\Projects\OD_SINS_01\OD_SINS_01\Debug\vc100.idb
E:\WORKSPACE\VISUAL STUDIO 2010\PROJECTS\OD_SINS_01\OD_SINS_01\DEBUG\VC100.PDB
