E:\WORKSPACE\VISUAL STUDIO 2010\PROJECTS\MYINS0609\DEBUG\MYINS0609.EXE
E:\WORKSPACE\VISUAL STUDIO 2010\PROJECTS\MYINS0609\DEBUG\MYINS0609.ILK
E:\WORKSPACE\VISUAL STUDIO 2010\PROJECTS\MYINS0609\DEBUG\MYINS0609.PDB
E:\WorkSpace\Visual Studio 2010\Projects\myINS0609\myINS0609\Debug\cl.command.1.tlog
E:\WorkSpace\Visual Studio 2010\Projects\myINS0609\myINS0609\Debug\CL.read.1.tlog
E:\WorkSpace\Visual Studio 2010\Projects\myINS0609\myINS0609\Debug\CL.write.1.tlog
E:\WorkSpace\Visual Studio 2010\Projects\myINS0609\myINS0609\Debug\link.15036.read.1.tlog
E:\WorkSpace\Visual Studio 2010\Projects\myINS0609\myINS0609\Debug\link.15036.write.1.tlog
E:\WorkSpace\Visual Studio 2010\Projects\myINS0609\myINS0609\Debug\link.15036-cvtres.read.1.tlog
E:\WorkSpace\Visual Studio 2010\Projects\myINS0609\myINS0609\Debug\link.15036-cvtres.write.1.tlog
E:\WorkSpace\Visual Studio 2010\Projects\myINS0609\myINS0609\Debug\link.command.1.tlog
E:\WorkSpace\Visual Studio 2010\Projects\myINS0609\myINS0609\Debug\link.read.1.tlog
E:\WorkSpace\Visual Studio 2010\Projects\myINS0609\myINS0609\Debug\link.write.1.tlog
E:\WorkSpace\Visual Studio 2010\Projects\myINS0609\myINS0609\Debug\link-cvtres.read.1.tlog
E:\WorkSpace\Visual Studio 2010\Projects\myINS0609\myINS0609\Debug\link-cvtres.write.1.tlog
E:\WORKSPACE\VISUAL STUDIO 2010\PROJECTS\MYINS0609\MYINS0609\DEBUG\MAIN.OBJ
E:\WORKSPACE\VISUAL STUDIO 2010\PROJECTS\MYINS0609\MYINS0609\DEBUG\MATRIX.OBJ
E:\WorkSpace\Visual Studio 2010\Projects\myINS0609\myINS0609\Debug\mt.command.1.tlog
E:\WorkSpace\Visual Studio 2010\Projects\myINS0609\myINS0609\Debug\mt.read.1.tlog
E:\WorkSpace\Visual Studio 2010\Projects\myINS0609\myINS0609\Debug\mt.write.1.tlog
E:\WORKSPACE\VISUAL STUDIO 2010\PROJECTS\MYINS0609\MYINS0609\DEBUG\MYINS0609.EXE.EMBED.MANIFEST
E:\WORKSPACE\VISUAL STUDIO 2010\PROJECTS\MYINS0609\MYINS0609\DEBUG\MYINS0609.EXE.EMBED.MANIFEST.RES
E:\WORKSPACE\VISUAL STUDIO 2010\PROJECTS\MYINS0609\MYINS0609\DEBUG\MYINS0609.EXE.INTERMEDIATE.MANIFEST
E:\WorkSpace\Visual Studio 2010\Projects\myINS0609\myINS0609\Debug\myINS0609.write.1.tlog
E:\WorkSpace\Visual Studio 2010\Projects\myINS0609\myINS0609\Debug\myINS0609_manifest.rc
E:\WORKSPACE\VISUAL STUDIO 2010\PROJECTS\MYINS0609\MYINS0609\DEBUG\MYKALMANFILTER.OBJ
E:\WORKSPACE\VISUAL STUDIO 2010\PROJECTS\MYINS0609\MYINS0609\DEBUG\NAVIGATION.OBJ
E:\WorkSpace\Visual Studio 2010\Projects\myINS0609\myINS0609\Debug\rc.command.1.tlog
E:\WorkSpace\Visual Studio 2010\Projects\myINS0609\myINS0609\Debug\rc.read.1.tlog
E:\WorkSpace\Visual Studio 2010\Projects\myINS0609\myINS0609\Debug\rc.write.1.tlog
E:\WorkSpace\Visual Studio 2010\Projects\myINS0609\myINS0609\Debug\vc100.idb
E:\WORKSPACE\VISUAL STUDIO 2010\PROJECTS\MYINS0609\MYINS0609\DEBUG\VC100.PDB
