E:\WORKSPACE\VISUAL STUDIO 2010\PROJECTS\OD_SINS_03\DEBUG\OD_SINS_03.EXE
E:\WORKSPACE\VISUAL STUDIO 2010\PROJECTS\OD_SINS_03\DEBUG\OD_SINS_03.ILK
E:\WORKSPACE\VISUAL STUDIO 2010\PROJECTS\OD_SINS_03\DEBUG\OD_SINS_03.PDB
E:\WorkSpace\Visual Studio 2010\Projects\OD_SINS_03\OD_SINS_03\Debug\cl.command.1.tlog
E:\WorkSpace\Visual Studio 2010\Projects\OD_SINS_03\OD_SINS_03\Debug\CL.read.1.tlog
E:\WorkSpace\Visual Studio 2010\Projects\OD_SINS_03\OD_SINS_03\Debug\CL.write.1.tlog
E:\WorkSpace\Visual Studio 2010\Projects\OD_SINS_03\OD_SINS_03\Debug\link.17264.read.1.tlog
E:\WorkSpace\Visual Studio 2010\Projects\OD_SINS_03\OD_SINS_03\Debug\link.17264.write.1.tlog
E:\WorkSpace\Visual Studio 2010\Projects\OD_SINS_03\OD_SINS_03\Debug\link.17264-cvtres.read.1.tlog
E:\WorkSpace\Visual Studio 2010\Projects\OD_SINS_03\OD_SINS_03\Debug\link.17264-cvtres.write.1.tlog
E:\WorkSpace\Visual Studio 2010\Projects\OD_SINS_03\OD_SINS_03\Debug\link.command.1.tlog
E:\WorkSpace\Visual Studio 2010\Projects\OD_SINS_03\OD_SINS_03\Debug\link.read.1.tlog
E:\WorkSpace\Visual Studio 2010\Projects\OD_SINS_03\OD_SINS_03\Debug\link.write.1.tlog
E:\WorkSpace\Visual Studio 2010\Projects\OD_SINS_03\OD_SINS_03\Debug\link-cvtres.read.1.tlog
E:\WorkSpace\Visual Studio 2010\Projects\OD_SINS_03\OD_SINS_03\Debug\link-cvtres.write.1.tlog
E:\WORKSPACE\VISUAL STUDIO 2010\PROJECTS\OD_SINS_03\OD_SINS_03\DEBUG\MAIN.OBJ
E:\WORKSPACE\VISUAL STUDIO 2010\PROJECTS\OD_SINS_03\OD_SINS_03\DEBUG\MATRIX.OBJ
E:\WorkSpace\Visual Studio 2010\Projects\OD_SINS_03\OD_SINS_03\Debug\mt.command.1.tlog
E:\WorkSpace\Visual Studio 2010\Projects\OD_SINS_03\OD_SINS_03\Debug\mt.read.1.tlog
E:\WorkSpace\Visual Studio 2010\Projects\OD_SINS_03\OD_SINS_03\Debug\mt.write.1.tlog
E:\WORKSPACE\VISUAL STUDIO 2010\PROJECTS\OD_SINS_03\OD_SINS_03\DEBUG\MYKALMANFILTER.OBJ
E:\WORKSPACE\VISUAL STUDIO 2010\PROJECTS\OD_SINS_03\OD_SINS_03\DEBUG\MYNAVIGATION.OBJ
E:\WORKSPACE\VISUAL STUDIO 2010\PROJECTS\OD_SINS_03\OD_SINS_03\DEBUG\OD_SINS_03.EXE.EMBED.MANIFEST
E:\WORKSPACE\VISUAL STUDIO 2010\PROJECTS\OD_SINS_03\OD_SINS_03\DEBUG\OD_SINS_03.EXE.EMBED.MANIFEST.RES
E:\WORKSPACE\VISUAL STUDIO 2010\PROJECTS\OD_SINS_03\OD_SINS_03\DEBUG\OD_SINS_03.EXE.INTERMEDIATE.MANIFEST
E:\WorkSpace\Visual Studio 2010\Projects\OD_SINS_03\OD_SINS_03\Debug\OD_SINS_03.write.1.tlog
E:\WorkSpace\Visual Studio 2010\Projects\OD_SINS_03\OD_SINS_03\Debug\OD_SINS_03_manifest.rc
E:\WorkSpace\Visual Studio 2010\Projects\OD_SINS_03\OD_SINS_03\Debug\rc.command.1.tlog
E:\WorkSpace\Visual Studio 2010\Projects\OD_SINS_03\OD_SINS_03\Debug\rc.read.1.tlog
E:\WorkSpace\Visual Studio 2010\Projects\OD_SINS_03\OD_SINS_03\Debug\rc.write.1.tlog
E:\WorkSpace\Visual Studio 2010\Projects\OD_SINS_03\OD_SINS_03\Debug\vc100.idb
E:\WORKSPACE\VISUAL STUDIO 2010\PROJECTS\OD_SINS_03\OD_SINS_03\DEBUG\VC100.PDB
