生成启动时间为 2018-08-28 0:08:41。
     1>项目“E:\WorkSpace\Visual Studio 2010\Projects\OD_SINS_03\OD_SINS_03\OD_SINS_03.vcxproj”在节点 2 上(rebuild 个目标)。
     1>_PrepareForClean:
         正在删除文件“Debug\OD_SINS_03.lastbuildstate”。
       InitializeBuildStatus:
         正在创建“Debug\OD_SINS_03.unsuccessfulbuild”，因为已指定“AlwaysCreate”。
       ClCompile:
         C:\Program Files (x86)\Microsoft Visual Studio 10.0\VC\bin\CL.exe /c /ZI /nologo /W3 /WX- /Od /Oy- /D WIN32 /D _DEBUG /D _CONSOLE /D _UNICODE /D UNICODE /Gm /EHsc /RTC1 /MDd /GS /fp:precise /Zc:wchar_t /Zc:forScope /Fo"Debug\\" /Fd"Debug\vc100.pdb" /Gd /TP /analyze- /errorReport:prompt main.cpp matrix.cpp myKalmanFilter.cpp myNavigation.cpp
         myNavigation.cpp
         myKalmanFilter.cpp
         matrix.cpp
         main.cpp
     1>e:\workspace\visual studio 2010\projects\od_sins_03\od_sins_03\main.cpp(26): warning C4996: 'fopen': This function or variable may be unsafe. Consider using fopen_s instead. To disable deprecation, use _CRT_SECURE_NO_WARNINGS. See online help for details.
                 c:\program files (x86)\microsoft visual studio 10.0\vc\include\stdio.h(234) : 参见“fopen”的声明
     1>e:\workspace\visual studio 2010\projects\od_sins_03\od_sins_03\main.cpp(27): warning C4996: 'fopen': This function or variable may be unsafe. Consider using fopen_s instead. To disable deprecation, use _CRT_SECURE_NO_WARNINGS. See online help for details.
                 c:\program files (x86)\microsoft visual studio 10.0\vc\include\stdio.h(234) : 参见“fopen”的声明
     1>e:\workspace\visual studio 2010\projects\od_sins_03\od_sins_03\main.cpp(28): warning C4996: 'fopen': This function or variable may be unsafe. Consider using fopen_s instead. To disable deprecation, use _CRT_SECURE_NO_WARNINGS. See online help for details.
                 c:\program files (x86)\microsoft visual studio 10.0\vc\include\stdio.h(234) : 参见“fopen”的声明
     1>e:\workspace\visual studio 2010\projects\od_sins_03\od_sins_03\main.cpp(29): warning C4996: 'fopen': This function or variable may be unsafe. Consider using fopen_s instead. To disable deprecation, use _CRT_SECURE_NO_WARNINGS. See online help for details.
                 c:\program files (x86)\microsoft visual studio 10.0\vc\include\stdio.h(234) : 参见“fopen”的声明
     1>e:\workspace\visual studio 2010\projects\od_sins_03\od_sins_03\main.cpp(39): warning C4996: 'fscanf': This function or variable may be unsafe. Consider using fscanf_s instead. To disable deprecation, use _CRT_SECURE_NO_WARNINGS. See online help for details.
                 c:\program files (x86)\microsoft visual studio 10.0\vc\include\stdio.h(253) : 参见“fscanf”的声明
         正在生成代码...
       ManifestResourceCompile:
         C:\Program Files (x86)\Microsoft SDKs\Windows\v7.0A\bin\rc.exe /nologo /fo"Debug\OD_SINS_03.exe.embed.manifest.res" Debug\OD_SINS_03_manifest.rc 
       Link:
         C:\Program Files (x86)\Microsoft Visual Studio 10.0\VC\bin\link.exe /ERRORREPORT:PROMPT /OUT:"E:\WorkSpace\Visual Studio 2010\Projects\OD_SINS_03\Debug\OD_SINS_03.exe" /INCREMENTAL /NOLOGO kernel32.lib user32.lib gdi32.lib winspool.lib comdlg32.lib advapi32.lib shell32.lib ole32.lib oleaut32.lib uuid.lib odbc32.lib odbccp32.lib /MANIFEST /ManifestFile:"Debug\OD_SINS_03.exe.intermediate.manifest" /MANIFESTUAC:"level='asInvoker' uiAccess='false'" /DEBUG /PDB:"E:\WorkSpace\Visual Studio 2010\Projects\OD_SINS_03\Debug\OD_SINS_03.pdb" /SUBSYSTEM:CONSOLE /TLBID:1 /DYNAMICBASE /NXCOMPAT /IMPLIB:"E:\WorkSpace\Visual Studio 2010\Projects\OD_SINS_03\Debug\OD_SINS_03.lib" /MACHINE:X86 Debug\OD_SINS_03.exe.embed.manifest.res
         Debug\main.obj
         Debug\matrix.obj
         Debug\myKalmanFilter.obj
         Debug\myNavigation.obj
       Manifest:
         正在删除文件“Debug\OD_SINS_03.exe.embed.manifest”。
         C:\Program Files (x86)\Microsoft SDKs\Windows\v7.0A\bin\mt.exe /nologo /verbose /out:"Debug\OD_SINS_03.exe.embed.manifest" /manifest Debug\OD_SINS_03.exe.intermediate.manifest
         C:\Program Files (x86)\Microsoft SDKs\Windows\v7.0A\bin\rc.exe /nologo /fo"Debug\OD_SINS_03.exe.embed.manifest.res" Debug\OD_SINS_03_manifest.rc 
       LinkEmbedManifest:
         C:\Program Files (x86)\Microsoft Visual Studio 10.0\VC\bin\link.exe /ERRORREPORT:PROMPT /OUT:"E:\WorkSpace\Visual Studio 2010\Projects\OD_SINS_03\Debug\OD_SINS_03.exe" /INCREMENTAL /NOLOGO kernel32.lib user32.lib gdi32.lib winspool.lib comdlg32.lib advapi32.lib shell32.lib ole32.lib oleaut32.lib uuid.lib odbc32.lib odbccp32.lib /MANIFEST /ManifestFile:"Debug\OD_SINS_03.exe.intermediate.manifest" /MANIFESTUAC:"level='asInvoker' uiAccess='false'" /DEBUG /PDB:"E:\WorkSpace\Visual Studio 2010\Projects\OD_SINS_03\Debug\OD_SINS_03.pdb" /SUBSYSTEM:CONSOLE /TLBID:1 /DYNAMICBASE /NXCOMPAT /IMPLIB:"E:\WorkSpace\Visual Studio 2010\Projects\OD_SINS_03\Debug\OD_SINS_03.lib" /MACHINE:X86 Debug\OD_SINS_03.exe.embed.manifest.res
         Debug\main.obj
         Debug\matrix.obj
         Debug\myKalmanFilter.obj
         Debug\myNavigation.obj
         OD_SINS_03.vcxproj -> E:\WorkSpace\Visual Studio 2010\Projects\OD_SINS_03\Debug\OD_SINS_03.exe
       FinalizeBuildStatus:
         正在删除文件“Debug\OD_SINS_03.unsuccessfulbuild”。
         正在对“Debug\OD_SINS_03.lastbuildstate”执行 Touch 任务。
     1>已完成生成项目“E:\WorkSpace\Visual Studio 2010\Projects\OD_SINS_03\OD_SINS_03\OD_SINS_03.vcxproj”(rebuild 个目标)的操作。

生成成功。

已用时间 00:00:01.61
