E:\WORKSPACE\VISUAL STUDIO 2010\PROJECTS\SINS_NAVI_01\DEBUG\SINS_NAVI_01.EXE
E:\WORKSPACE\VISUAL STUDIO 2010\PROJECTS\SINS_NAVI_01\DEBUG\SINS_NAVI_01.ILK
E:\WORKSPACE\VISUAL STUDIO 2010\PROJECTS\SINS_NAVI_01\DEBUG\SINS_NAVI_01.PDB
E:\WorkSpace\Visual Studio 2010\Projects\SINS_Navi_01\SINS_Navi_01\Debug\cl.command.1.tlog
E:\WorkSpace\Visual Studio 2010\Projects\SINS_Navi_01\SINS_Navi_01\Debug\CL.read.1.tlog
E:\WorkSpace\Visual Studio 2010\Projects\SINS_Navi_01\SINS_Navi_01\Debug\CL.write.1.tlog
E:\WorkSpace\Visual Studio 2010\Projects\SINS_Navi_01\SINS_Navi_01\Debug\link.4792.read.1.tlog
E:\WorkSpace\Visual Studio 2010\Projects\SINS_Navi_01\SINS_Navi_01\Debug\link.4792.write.1.tlog
E:\WorkSpace\Visual Studio 2010\Projects\SINS_Navi_01\SINS_Navi_01\Debug\link.4792-cvtres.read.1.tlog
E:\WorkSpace\Visual Studio 2010\Projects\SINS_Navi_01\SINS_Navi_01\Debug\link.4792-cvtres.write.1.tlog
E:\WorkSpace\Visual Studio 2010\Projects\SINS_Navi_01\SINS_Navi_01\Debug\link.command.1.tlog
E:\WorkSpace\Visual Studio 2010\Projects\SINS_Navi_01\SINS_Navi_01\Debug\link.read.1.tlog
E:\WorkSpace\Visual Studio 2010\Projects\SINS_Navi_01\SINS_Navi_01\Debug\link.write.1.tlog
E:\WorkSpace\Visual Studio 2010\Projects\SINS_Navi_01\SINS_Navi_01\Debug\link-cvtres.read.1.tlog
E:\WorkSpace\Visual Studio 2010\Projects\SINS_Navi_01\SINS_Navi_01\Debug\link-cvtres.write.1.tlog
E:\WORKSPACE\VISUAL STUDIO 2010\PROJECTS\SINS_NAVI_01\SINS_NAVI_01\DEBUG\MAIN.OBJ
E:\WORKSPACE\VISUAL STUDIO 2010\PROJECTS\SINS_NAVI_01\SINS_NAVI_01\DEBUG\MATRIX.OBJ
E:\WorkSpace\Visual Studio 2010\Projects\SINS_Navi_01\SINS_Navi_01\Debug\mt.command.1.tlog
E:\WorkSpace\Visual Studio 2010\Projects\SINS_Navi_01\SINS_Navi_01\Debug\mt.read.1.tlog
E:\WorkSpace\Visual Studio 2010\Projects\SINS_Navi_01\SINS_Navi_01\Debug\mt.write.1.tlog
E:\WORKSPACE\VISUAL STUDIO 2010\PROJECTS\SINS_NAVI_01\SINS_NAVI_01\DEBUG\MYNAVIGATION.OBJ
E:\WorkSpace\Visual Studio 2010\Projects\SINS_Navi_01\SINS_Navi_01\Debug\rc.command.1.tlog
E:\WorkSpace\Visual Studio 2010\Projects\SINS_Navi_01\SINS_Navi_01\Debug\rc.read.1.tlog
E:\WorkSpace\Visual Studio 2010\Projects\SINS_Navi_01\SINS_Navi_01\Debug\rc.write.1.tlog
E:\WORKSPACE\VISUAL STUDIO 2010\PROJECTS\SINS_NAVI_01\SINS_NAVI_01\DEBUG\SINS_NAVI_01.EXE.EMBED.MANIFEST
E:\WORKSPACE\VISUAL STUDIO 2010\PROJECTS\SINS_NAVI_01\SINS_NAVI_01\DEBUG\SINS_NAVI_01.EXE.EMBED.MANIFEST.RES
E:\WORKSPACE\VISUAL STUDIO 2010\PROJECTS\SINS_NAVI_01\SINS_NAVI_01\DEBUG\SINS_NAVI_01.EXE.INTERMEDIATE.MANIFEST
E:\WorkSpace\Visual Studio 2010\Projects\SINS_Navi_01\SINS_Navi_01\Debug\SINS_Navi_01.write.1.tlog
E:\WorkSpace\Visual Studio 2010\Projects\SINS_Navi_01\SINS_Navi_01\Debug\SINS_Navi_01_manifest.rc
E:\WorkSpace\Visual Studio 2010\Projects\SINS_Navi_01\SINS_Navi_01\Debug\vc100.idb
E:\WORKSPACE\VISUAL STUDIO 2010\PROJECTS\SINS_NAVI_01\SINS_NAVI_01\DEBUG\VC100.PDB
