生成启动时间为 2018-05-28 1:15:17。
     1>项目“E:\WorkSpace\Visual Studio 2010\Projects\SINS_Navi_01\SINS_Navi_01\SINS_Navi_01.vcxproj”在节点 2 上(build 个目标)。
     1>InitializeBuildStatus:
         正在创建“Debug\SINS_Navi_01.unsuccessfulbuild”，因为已指定“AlwaysCreate”。
       ClCompile:
         C:\Program Files (x86)\Microsoft Visual Studio 10.0\VC\bin\CL.exe /c /ZI /nologo /W3 /WX- /Od /Oy- /D WIN32 /D _DEBUG /D _CONSOLE /D _UNICODE /D UNICODE /Gm /EHsc /RTC1 /MDd /GS /fp:precise /Zc:wchar_t /Zc:forScope /Fo"Debug\\" /Fd"Debug\vc100.pdb" /Gd /TP /analyze- /errorReport:prompt matrix.cpp
         matrix.cpp
       ManifestResourceCompile:
         所有输出均为最新。
       Link:
         C:\Program Files (x86)\Microsoft Visual Studio 10.0\VC\bin\link.exe /ERRORREPORT:PROMPT /OUT:"E:\WorkSpace\Visual Studio 2010\Projects\SINS_Navi_01\Debug\SINS_Navi_01.exe" /INCREMENTAL /NOLOGO kernel32.lib user32.lib gdi32.lib winspool.lib comdlg32.lib advapi32.lib shell32.lib ole32.lib oleaut32.lib uuid.lib odbc32.lib odbccp32.lib /MANIFEST /ManifestFile:"Debug\SINS_Navi_01.exe.intermediate.manifest" /MANIFESTUAC:"level='asInvoker' uiAccess='false'" /DEBUG /PDB:"E:\WorkSpace\Visual Studio 2010\Projects\SINS_Navi_01\Debug\SINS_Navi_01.pdb" /SUBSYSTEM:CONSOLE /TLBID:1 /DYNAMICBASE /NXCOMPAT /IMPLIB:"E:\WorkSpace\Visual Studio 2010\Projects\SINS_Navi_01\Debug\SINS_Navi_01.lib" /MACHINE:X86 Debug\SINS_Navi_01.exe.embed.manifest.res
         Debug\main.obj
         Debug\matrix.obj
         Debug\myNavigation.obj
       Manifest:
         C:\Program Files (x86)\Microsoft SDKs\Windows\v7.0A\bin\mt.exe /nologo /verbose /out:"Debug\SINS_Navi_01.exe.embed.manifest" /manifest Debug\SINS_Navi_01.exe.intermediate.manifest
         所有输出均为最新。
       LinkEmbedManifest:
         所有输出均为最新。
         SINS_Navi_01.vcxproj -> E:\WorkSpace\Visual Studio 2010\Projects\SINS_Navi_01\Debug\SINS_Navi_01.exe
       FinalizeBuildStatus:
         正在删除文件“Debug\SINS_Navi_01.unsuccessfulbuild”。
         正在对“Debug\SINS_Navi_01.lastbuildstate”执行 Touch 任务。
     1>已完成生成项目“E:\WorkSpace\Visual Studio 2010\Projects\SINS_Navi_01\SINS_Navi_01\SINS_Navi_01.vcxproj”(build 个目标)的操作。

生成成功。

已用时间 00:00:01.76
