.\Debug\Align_AidOrPure_Navigation.bsc
.\Debug\Align_AidOrPure_Navigation.ilk
.\Debug\Align_AidOrPure_Navigation.pdb
E:\WorkSpace\Visual Studio 2010\Projects\INSGPS0609\.\Debug\Align_AidOrPure_Navigation.exe
E:\WorkSpace\Visual Studio 2010\Projects\INSGPS0609\.\Debug\Align_AidOrPure_Navigation.exe.intermediate.manifest
E:\WORKSPACE\VISUAL STUDIO 2010\PROJECTS\INSGPS0609\DEBUG\ALIGN_AIDORPURE_NAVIGATION.BSC
E:\WORKSPACE\VISUAL STUDIO 2010\PROJECTS\INSGPS0609\DEBUG\ALIGN_AIDORPURE_NAVIGATION.EXE
E:\WORKSPACE\VISUAL STUDIO 2010\PROJECTS\INSGPS0609\DEBUG\ALIGN_AIDORPURE_NAVIGATION.EXE.EMBED.MANIFEST
E:\WORKSPACE\VISUAL STUDIO 2010\PROJECTS\INSGPS0609\DEBUG\ALIGN_AIDORPURE_NAVIGATION.EXE.EMBED.MANIFEST.RES
E:\WORKSPACE\VISUAL STUDIO 2010\PROJECTS\INSGPS0609\DEBUG\ALIGN_AIDORPURE_NAVIGATION.EXE.INTERMEDIATE.MANIFEST
E:\WORKSPACE\VISUAL STUDIO 2010\PROJECTS\INSGPS0609\DEBUG\ALIGN_AIDORPURE_NAVIGATION.ILK
E:\WORKSPACE\VISUAL STUDIO 2010\PROJECTS\INSGPS0609\DEBUG\ALIGN_AIDORPURE_NAVIGATION.PDB
E:\WorkSpace\Visual Studio 2010\Projects\INSGPS0609\Debug\Align_AidOrPure_Navigation.vcxprojResolveAssemblyReference.cache
E:\WorkSpace\Visual Studio 2010\Projects\INSGPS0609\Debug\Align_AidOrPure_Navigation.write.1.tlog
E:\WorkSpace\Visual Studio 2010\Projects\INSGPS0609\Debug\Align_AidOrPure_Navigation_manifest.rc
E:\WORKSPACE\VISUAL STUDIO 2010\PROJECTS\INSGPS0609\DEBUG\ALIGN_NAVIGATION.OBJ
E:\WORKSPACE\VISUAL STUDIO 2010\PROJECTS\INSGPS0609\DEBUG\ALIGN_NAVIGATION.SBR
E:\WorkSpace\Visual Studio 2010\Projects\INSGPS0609\Debug\BscMake.command.1.tlog
E:\WorkSpace\Visual Studio 2010\Projects\INSGPS0609\Debug\bscmake.read.1.tlog
E:\WorkSpace\Visual Studio 2010\Projects\INSGPS0609\Debug\bscmake.write.1.tlog
E:\WorkSpace\Visual Studio 2010\Projects\INSGPS0609\Debug\cl.command.1.tlog
E:\WorkSpace\Visual Studio 2010\Projects\INSGPS0609\Debug\CL.read.1.tlog
E:\WorkSpace\Visual Studio 2010\Projects\INSGPS0609\Debug\CL.write.1.tlog
E:\WorkSpace\Visual Studio 2010\Projects\INSGPS0609\Debug\link.111424.read.1.tlog
E:\WorkSpace\Visual Studio 2010\Projects\INSGPS0609\Debug\link.111424.write.1.tlog
E:\WorkSpace\Visual Studio 2010\Projects\INSGPS0609\Debug\link.111424-cvtres.read.1.tlog
E:\WorkSpace\Visual Studio 2010\Projects\INSGPS0609\Debug\link.111424-cvtres.write.1.tlog
E:\WorkSpace\Visual Studio 2010\Projects\INSGPS0609\Debug\link.command.1.tlog
E:\WorkSpace\Visual Studio 2010\Projects\INSGPS0609\Debug\link.read.1.tlog
E:\WorkSpace\Visual Studio 2010\Projects\INSGPS0609\Debug\link.write.1.tlog
E:\WorkSpace\Visual Studio 2010\Projects\INSGPS0609\Debug\link-cvtres.read.1.tlog
E:\WorkSpace\Visual Studio 2010\Projects\INSGPS0609\Debug\link-cvtres.write.1.tlog
E:\WorkSpace\Visual Studio 2010\Projects\INSGPS0609\Debug\mt.command.1.tlog
E:\WorkSpace\Visual Studio 2010\Projects\INSGPS0609\Debug\mt.read.1.tlog
E:\WorkSpace\Visual Studio 2010\Projects\INSGPS0609\Debug\mt.write.1.tlog
E:\WORKSPACE\VISUAL STUDIO 2010\PROJECTS\INSGPS0609\DEBUG\NAVIGATION.OBJ
E:\WORKSPACE\VISUAL STUDIO 2010\PROJECTS\INSGPS0609\DEBUG\NAVIGATION.SBR
E:\WorkSpace\Visual Studio 2010\Projects\INSGPS0609\Debug\rc.command.1.tlog
E:\WorkSpace\Visual Studio 2010\Projects\INSGPS0609\Debug\rc.read.1.tlog
E:\WorkSpace\Visual Studio 2010\Projects\INSGPS0609\Debug\rc.write.1.tlog
E:\WorkSpace\Visual Studio 2010\Projects\INSGPS0609\Debug\vc100.idb
E:\WORKSPACE\VISUAL STUDIO 2010\PROJECTS\INSGPS0609\DEBUG\VC100.PDB
